# JRE version: OpenJDK Runtime Environment (11.0.11+9) (build 11.0.11+9-b60-7590822)
# Java VM: OpenJDK 64-Bit Server VM (11.0.11+9-b60-7590822, mixed mode, tiered, compressed oops, g1 gc, windows-amd64)
Heap:
 garbage-first heap   total 731136K, used 222725K [0x0000000080000000, 0x0000000100000000)
  region size 1024K, 4 young (4096K), 4 survivors (4096K)
 Metaspace       used 164640K, capacity 170288K, committed 170416K, reserved 1198080K
  class space    used 19968K, capacity 21992K, committed 22016K, reserved 1048576K
GC Heap History (20 events):
Event: 9051.281 GC heap after
{Heap after GC invocations=409 (full 0):
 garbage-first heap   total 520192K, used 172117K [0x0000000080000000, 0x0000000100000000)
  region size 1024K, 1 young (1024K), 1 survivors (1024K)
 Metaspace       used 163903K, capacity 169383K, committed 169520K, reserved 1198080K
  class space    used 19894K, capacity 21884K, committed 21888K, reserved 1048576K
}
Event: 9052.456 GC heap before
{Heap before GC invocations=409 (full 0):
 garbage-first heap   total 520192K, used 196693K [0x0000000080000000, 0x0000000100000000)
  region size 1024K, 25 young (25600K), 1 survivors (1024K)
 Metaspace       used 163933K, capacity 169472K, committed 169648K, reserved 1198080K
  class space    used 19899K, capacity 21892K, committed 22016K, reserved 1048576K
}
Event: 9052.468 GC heap after
{Heap after GC invocations=410 (full 0):
 garbage-first heap   total 520192K, used 170114K [0x0000000080000000, 0x0000000100000000)
  region size 1024K, 1 young (1024K), 1 survivors (1024K)
 Metaspace       used 163933K, capacity 169472K, committed 169648K, reserved 1198080K
  class space    used 19899K, capacity 21892K, committed 22016K, reserved 1048576K
}
Event: 9055.104 GC heap before
{Heap before GC invocations=410 (full 0):
 garbage-first heap   total 520192K, used 269442K [0x0000000080000000, 0x0000000100000000)
  region size 1024K, 98 young (100352K), 1 survivors (1024K)
 Metaspace       used 163995K, capacity 169544K, committed 169904K, reserved 1198080K
  class space    used 19900K, capacity 21893K, committed 22016K, reserved 1048576K
}
Event: 9055.128 GC heap after
{Heap after GC invocations=411 (full 0):
 garbage-first heap   total 520192K, used 170652K [0x0000000080000000, 0x0000000100000000)
  region size 1024K, 2 young (2048K), 2 survivors (2048K)
 Metaspace       used 163995K, capacity 169544K, committed 169904K, reserved 1198080K
  class space    used 19900K, capacity 21893K, committed 22016K, reserved 1048576K
}
Event: 9057.988 GC heap before
{Heap before GC invocations=412 (full 0):
 garbage-first heap   total 520192K, used 210588K [0x0000000080000000, 0x0000000100000000)
  region size 1024K, 40 young (40960K), 2 survivors (2048K)
 Metaspace       used 164111K, capacity 169668K, committed 169904K, reserved 1198080K
  class space    used 19909K, capacity 21908K, committed 22016K, reserved 1048576K
}
Event: 9058.009 GC heap after
{Heap after GC invocations=413 (full 0):
 garbage-first heap   total 520192K, used 170238K [0x0000000080000000, 0x0000000100000000)
  region size 1024K, 1 young (1024K), 1 survivors (1024K)
 Metaspace       used 164111K, capacity 169668K, committed 169904K, reserved 1198080K
  class space    used 19909K, capacity 21908K, committed 22016K, reserved 1048576K
}
Event: 9058.925 GC heap before
{Heap before GC invocations=413 (full 0):
 garbage-first heap   total 520192K, used 193790K [0x0000000080000000, 0x0000000100000000)
  region size 1024K, 25 young (25600K), 1 survivors (1024K)
 Metaspace       used 164122K, capacity 169668K, committed 169904K, reserved 1198080K
  class space    used 19909K, capacity 21908K, committed 22016K, reserved 1048576K
}
Event: 9058.947 GC heap after
{Heap after GC invocations=414 (full 0):
 garbage-first heap   total 520192K, used 171106K [0x0000000080000000, 0x0000000100000000)
  region size 1024K, 3 young (3072K), 3 survivors (3072K)
 Metaspace       used 164122K, capacity 169668K, committed 169904K, reserved 1198080K
  class space    used 19909K, capacity 21908K, committed 22016K, reserved 1048576K
}
Event: 9062.251 GC heap before
{Heap before GC invocations=414 (full 0):
 garbage-first heap   total 520192K, used 292962K [0x0000000080000000, 0x0000000100000000)
  region size 1024K, 123 young (125952K), 3 survivors (3072K)
 Metaspace       used 164192K, capacity 169737K, committed 169904K, reserved 1198080K
  class space    used 19910K, capacity 21909K, committed 22016K, reserved 1048576K
}
Event: 9062.267 GC heap after
{Heap after GC invocations=415 (full 0):
 garbage-first heap   total 520192K, used 169238K [0x0000000080000000, 0x0000000100000000)
  region size 1024K, 1 young (1024K), 1 survivors (1024K)
 Metaspace       used 164192K, capacity 169737K, committed 169904K, reserved 1198080K
  class space    used 19910K, capacity 21909K, committed 22016K, reserved 1048576K
}
Event: 9066.792 GC heap before
{Heap before GC invocations=416 (full 0):
 garbage-first heap   total 520192K, used 230678K [0x0000000080000000, 0x0000000100000000)
  region size 1024K, 47 young (48128K), 1 survivors (1024K)
 Metaspace       used 164265K, capacity 169808K, committed 170160K, reserved 1198080K
  class space    used 19910K, capacity 21910K, committed 22016K, reserved 1048576K
}
Event: 9067.077 GC heap after
{Heap after GC invocations=417 (full 0):
 garbage-first heap   total 520192K, used 202038K [0x0000000080000000, 0x0000000100000000)
  region size 1024K, 6 young (6144K), 6 survivors (6144K)
 Metaspace       used 164265K, capacity 169808K, committed 170160K, reserved 1198080K
  class space    used 19910K, capacity 21910K, committed 22016K, reserved 1048576K
}
Event: 9067.620 GC heap before
{Heap before GC invocations=417 (full 0):
 garbage-first heap   total 520192K, used 220470K [0x0000000080000000, 0x0000000100000000)
  region size 1024K, 25 young (25600K), 6 survivors (6144K)
 Metaspace       used 164274K, capacity 169808K, committed 170160K, reserved 1198080K
  class space    used 19910K, capacity 21910K, committed 22016K, reserved 1048576K
}
Event: 9067.815 GC heap after
{Heap after GC invocations=418 (full 0):
 garbage-first heap   total 520192K, used 210432K [0x0000000080000000, 0x0000000100000000)
  region size 1024K, 4 young (4096K), 4 survivors (4096K)
 Metaspace       used 164274K, capacity 169808K, committed 170160K, reserved 1198080K
  class space    used 19910K, capacity 21910K, committed 22016K, reserved 1048576K
}
Event: 9070.303 GC heap before
{Heap before GC invocations=418 (full 0):
 garbage-first heap   total 520192K, used 258560K [0x0000000080000000, 0x0000000100000000)
  region size 1024K, 51 young (52224K), 4 survivors (4096K)
 Metaspace       used 164584K, capacity 170234K, committed 170416K, reserved 1198080K
  class space    used 19965K, capacity 21988K, committed 22016K, reserved 1048576K
}
Event: 9070.575 GC heap after
{Heap after GC invocations=419 (full 0):
 garbage-first heap   total 520192K, used 228352K [0x0000000080000000, 0x0000000100000000)
  region size 1024K, 7 young (7168K), 7 survivors (7168K)
 Metaspace       used 164584K, capacity 170234K, committed 170416K, reserved 1198080K
  class space    used 19965K, capacity 21988K, committed 22016K, reserved 1048576K
}
Event: 9075.971 GC heap before
{Heap before GC invocations=420 (full 0):
 garbage-first heap   total 520192K, used 248832K [0x0000000080000000, 0x0000000100000000)
  region size 1024K, 34 young (34816K), 7 survivors (7168K)
 Metaspace       used 164630K, capacity 170224K, committed 170416K, reserved 1198080K
  class space    used 19968K, capacity 21992K, committed 22016K, reserved 1048576K
}
Event: 9076.094 GC heap after
{Heap after GC invocations=421 (full 0):
 garbage-first heap   total 520192K, used 226304K [0x0000000080000000, 0x0000000100000000)
  region size 1024K, 4 young (4096K), 4 survivors (4096K)
 Metaspace       used 164630K, capacity 170224K, committed 170416K, reserved 1198080K
  class space    used 19968K, capacity 21992K, committed 22016K, reserved 1048576K
}
Event: 9077.032 GC heap before
{Heap before GC invocations=421 (full 0):
 garbage-first heap   total 520192K, used 249856K [0x0000000080000000, 0x0000000100000000)
  region size 1024K, 25 young (25600K), 4 survivors (4096K)
 Metaspace       used 164640K, capacity 170288K, committed 170416K, reserved 1198080K
  class space    used 19968K, capacity 21992K, committed 22016K, reserved 1048576K
}

